This file contains any messages produced by compilers while
running configure, to aid debugging if configure makes a mistake.

It was created by English Kabbalah configure 0.1.2, which was
generated by GNU Autoconf 2.67.  Invocation command line was

  $ ./configure --prefix=/home/manhydra --enable-curl=yes

## --------- ##
## Platform. ##
## --------- ##

hostname = workstation
uname -m = i686
uname -r = 2.6.32-5-686
uname -s = Linux
uname -v = #1 SMP Sun Sep 23 09:49:36 UTC 2012

/usr/bin/uname -p = unknown
/bin/uname -X     = unknown

/bin/arch              = unknown
/usr/bin/arch -k       = unknown
/usr/convex/getsysinfo = unknown
/usr/bin/hostinfo      = unknown
/bin/machine           = unknown
/usr/bin/oslevel       = unknown
/bin/universe          = unknown

PATH: /home/manhydra/bin
PATH: /usr/local/bin
PATH: /usr/bin
PATH: /bin
PATH: /usr/local/games
PATH: /usr/games


## ----------- ##
## Core tests. ##
## ----------- ##

configure:2221: checking for a BSD-compatible install
configure:2289: result: /usr/bin/install -c
configure:2300: checking whether build environment is sane
configure:2350: result: yes
configure:2491: checking for a thread-safe mkdir -p
configure:2530: result: /bin/mkdir -p
configure:2543: checking for gawk
configure:2573: result: no
configure:2543: checking for mawk
configure:2559: found /usr/bin/mawk
configure:2570: result: mawk
configure:2581: checking whether make sets $(MAKE)
configure:2603: result: yes
configure:2743: checking for gcc
configure:2759: found /usr/bin/gcc
configure:2770: result: gcc
configure:2999: checking for C compiler version
configure:3008: gcc --version >&5
gcc (Debian 4.4.5-8) 4.4.5
Copyright (C) 2010 Free Software Foundation, Inc.
This is free software; see the source for copying conditions.  There is NO
warranty; not even for MERCHANTABILITY or FITNESS FOR A PARTICULAR PURPOSE.

configure:3019: $? = 0
configure:3008: gcc -v >&5
Using built-in specs.
Target: i486-linux-gnu
Configured with: ../src/configure -v --with-pkgversion='Debian 4.4.5-8' --with-bugurl=file:///usr/share/doc/gcc-4.4/README.Bugs --enable-languages=c,c++,fortran,objc,obj-c++ --prefix=/usr --program-suffix=-4.4 --enable-shared --enable-multiarch --enable-linker-build-id --with-system-zlib --libexecdir=/usr/lib --without-included-gettext --enable-threads=posix --with-gxx-include-dir=/usr/include/c++/4.4 --libdir=/usr/lib --enable-nls --enable-clocale=gnu --enable-libstdcxx-debug --enable-objc-gc --enable-targets=all --with-arch-32=i586 --with-tune=generic --enable-checking=release --build=i486-linux-gnu --host=i486-linux-gnu --target=i486-linux-gnu
Thread model: posix
gcc version 4.4.5 (Debian 4.4.5-8) 
configure:3019: $? = 0
configure:3008: gcc -V >&5
gcc: '-V' option must have argument
configure:3019: $? = 1
configure:3008: gcc -qversion >&5
gcc: unrecognized option '-qversion'
gcc: no input files
configure:3019: $? = 1
configure:3039: checking whether the C compiler works
configure:3061: gcc    conftest.c  >&5
configure:3065: $? = 0
configure:3113: result: yes
configure:3116: checking for C compiler default output file name
configure:3118: result: a.out
configure:3124: checking for suffix of executables
configure:3131: gcc -o conftest    conftest.c  >&5
configure:3135: $? = 0
configure:3157: result: 
configure:3179: checking whether we are cross compiling
configure:3187: gcc -o conftest    conftest.c  >&5
configure:3191: $? = 0
configure:3198: ./conftest
configure:3202: $? = 0
configure:3217: result: no
configure:3222: checking for suffix of object files
configure:3244: gcc -c   conftest.c >&5
configure:3248: $? = 0
configure:3269: result: o
configure:3273: checking whether we are using the GNU C compiler
configure:3292: gcc -c   conftest.c >&5
configure:3292: $? = 0
configure:3301: result: yes
configure:3310: checking whether gcc accepts -g
configure:3330: gcc -c -g  conftest.c >&5
configure:3330: $? = 0
configure:3371: result: yes
configure:3388: checking for gcc option to accept ISO C89
configure:3452: gcc  -c -g -O2  conftest.c >&5
configure:3452: $? = 0
configure:3465: result: none needed
configure:3496: checking for style of include used by make
configure:3524: result: GNU
configure:3549: checking dependency style of gcc
configure:3659: result: gcc3
configure:3680: checking build system type
configure:3694: result: i686-pc-linux-gnu
configure:3714: checking host system type
configure:3727: result: i686-pc-linux-gnu
configure:3755: checking how to run the C preprocessor
configure:3786: gcc -E  conftest.c
configure:3786: $? = 0
configure:3800: gcc -E  conftest.c
conftest.c:11:28: error: ac_nonexistent.h: No such file or directory
configure:3800: $? = 1
configure: failed program was:
| /* confdefs.h */
| #define PACKAGE_NAME "English Kabbalah"
| #define PACKAGE_TARNAME "eng-qbl"
| #define PACKAGE_VERSION "0.1.2"
| #define PACKAGE_STRING "English Kabbalah 0.1.2"
| #define PACKAGE_BUGREPORT "marc.sylvestre@manhydra.com"
| #define PACKAGE_URL "http://www.manhydra.com/projects/english-kabbalah"
| #define PACKAGE "eng-qbl"
| #define VERSION "0.1.2"
| /* end confdefs.h.  */
| #include <ac_nonexistent.h>
configure:3825: result: gcc -E
configure:3845: gcc -E  conftest.c
configure:3845: $? = 0
configure:3859: gcc -E  conftest.c
conftest.c:11:28: error: ac_nonexistent.h: No such file or directory
configure:3859: $? = 1
configure: failed program was:
| /* confdefs.h */
| #define PACKAGE_NAME "English Kabbalah"
| #define PACKAGE_TARNAME "eng-qbl"
| #define PACKAGE_VERSION "0.1.2"
| #define PACKAGE_STRING "English Kabbalah 0.1.2"
| #define PACKAGE_BUGREPORT "marc.sylvestre@manhydra.com"
| #define PACKAGE_URL "http://www.manhydra.com/projects/english-kabbalah"
| #define PACKAGE "eng-qbl"
| #define VERSION "0.1.2"
| /* end confdefs.h.  */
| #include <ac_nonexistent.h>
configure:3888: checking for grep that handles long lines and -e
configure:3946: result: /bin/grep
configure:3951: checking for egrep
configure:4013: result: /bin/grep -E
configure:4018: checking for ANSI C header files
configure:4038: gcc -c -g -O2  conftest.c >&5
configure:4038: $? = 0
configure:4111: gcc -o conftest -g -O2   conftest.c  >&5
configure:4111: $? = 0
configure:4111: ./conftest
configure:4111: $? = 0
configure:4122: result: yes
configure:4135: checking for sys/types.h
configure:4135: gcc -c -g -O2  conftest.c >&5
configure:4135: $? = 0
configure:4135: result: yes
configure:4135: checking for sys/stat.h
configure:4135: gcc -c -g -O2  conftest.c >&5
configure:4135: $? = 0
configure:4135: result: yes
configure:4135: checking for stdlib.h
configure:4135: gcc -c -g -O2  conftest.c >&5
configure:4135: $? = 0
configure:4135: result: yes
configure:4135: checking for string.h
configure:4135: gcc -c -g -O2  conftest.c >&5
configure:4135: $? = 0
configure:4135: result: yes
configure:4135: checking for memory.h
configure:4135: gcc -c -g -O2  conftest.c >&5
configure:4135: $? = 0
configure:4135: result: yes
configure:4135: checking for strings.h
configure:4135: gcc -c -g -O2  conftest.c >&5
configure:4135: $? = 0
configure:4135: result: yes
configure:4135: checking for inttypes.h
configure:4135: gcc -c -g -O2  conftest.c >&5
configure:4135: $? = 0
configure:4135: result: yes
configure:4135: checking for stdint.h
configure:4135: gcc -c -g -O2  conftest.c >&5
configure:4135: $? = 0
configure:4135: result: yes
configure:4135: checking for unistd.h
configure:4135: gcc -c -g -O2  conftest.c >&5
configure:4135: $? = 0
configure:4135: result: yes
configure:4152: checking curl/curl.h usability
configure:4152: gcc -c -g -O2  conftest.c >&5
configure:4152: $? = 0
configure:4152: result: yes
configure:4152: checking curl/curl.h presence
configure:4152: gcc -E  conftest.c
configure:4152: $? = 0
configure:4152: result: yes
configure:4152: checking for curl/curl.h
configure:4152: result: yes
configure:4225: checking for curl_global_init in -lcurl
configure:4250: gcc -o conftest -g -O2   conftest.c -lcurl   >&5
configure:4250: $? = 0
configure:4259: result: yes
configure:4282: checking for stdlib.h
configure:4282: result: yes
configure:4282: checking for string.h
configure:4282: result: yes
configure:4282: checking for unistd.h
configure:4282: result: yes
configure:4282: checking getopt.h usability
configure:4282: gcc -c -g -O2  conftest.c >&5
configure:4282: $? = 0
configure:4282: result: yes
configure:4282: checking getopt.h presence
configure:4282: gcc -E  conftest.c
configure:4282: $? = 0
configure:4282: result: yes
configure:4282: checking for getopt.h
configure:4282: result: yes
configure:4294: checking for size_t
configure:4294: gcc -c -g -O2  conftest.c >&5
configure:4294: $? = 0
configure:4294: gcc -c -g -O2  conftest.c >&5
conftest.c: In function 'main':
conftest.c:63: error: expected expression before ')' token
configure:4294: $? = 1
configure: failed program was:
| /* confdefs.h */
| #define PACKAGE_NAME "English Kabbalah"
| #define PACKAGE_TARNAME "eng-qbl"
| #define PACKAGE_VERSION "0.1.2"
| #define PACKAGE_STRING "English Kabbalah 0.1.2"
| #define PACKAGE_BUGREPORT "marc.sylvestre@manhydra.com"
| #define PACKAGE_URL "http://www.manhydra.com/projects/english-kabbalah"
| #define PACKAGE "eng-qbl"
| #define VERSION "0.1.2"
| #define STDC_HEADERS 1
| #define HAVE_SYS_TYPES_H 1
| #define HAVE_SYS_STAT_H 1
| #define HAVE_STDLIB_H 1
| #define HAVE_STRING_H 1
| #define HAVE_MEMORY_H 1
| #define HAVE_STRINGS_H 1
| #define HAVE_INTTYPES_H 1
| #define HAVE_STDINT_H 1
| #define HAVE_UNISTD_H 1
| #define HAVE_CURL_CURL_H 1
| #define HAVE_LIBCURL 1
| #define HAVE_STDLIB_H 1
| #define HAVE_STRING_H 1
| #define HAVE_UNISTD_H 1
| #define HAVE_GETOPT_H 1
| /* end confdefs.h.  */
| #include <stdio.h>
| #ifdef HAVE_SYS_TYPES_H
| # include <sys/types.h>
| #endif
| #ifdef HAVE_SYS_STAT_H
| # include <sys/stat.h>
| #endif
| #ifdef STDC_HEADERS
| # include <stdlib.h>
| # include <stddef.h>
| #else
| # ifdef HAVE_STDLIB_H
| #  include <stdlib.h>
| # endif
| #endif
| #ifdef HAVE_STRING_H
| # if !defined STDC_HEADERS && defined HAVE_MEMORY_H
| #  include <memory.h>
| # endif
| # include <string.h>
| #endif
| #ifdef HAVE_STRINGS_H
| # include <strings.h>
| #endif
| #ifdef HAVE_INTTYPES_H
| # include <inttypes.h>
| #endif
| #ifdef HAVE_STDINT_H
| # include <stdint.h>
| #endif
| #ifdef HAVE_UNISTD_H
| # include <unistd.h>
| #endif
| int
| main ()
| {
| if (sizeof ((size_t)))
| 	    return 0;
|   ;
|   return 0;
| }
configure:4294: result: yes
configure:4309: checking for stdlib.h
configure:4309: result: yes
configure:4319: checking for GNU libc compatible malloc
configure:4343: gcc -o conftest -g -O2   conftest.c -lcurl  >&5
configure:4343: $? = 0
configure:4343: ./conftest
configure:4343: $? = 0
configure:4353: result: yes
configure:4376: checking for stdlib.h
configure:4376: result: yes
configure:4386: checking for GNU libc compatible realloc
configure:4410: gcc -o conftest -g -O2   conftest.c -lcurl  >&5
configure:4410: $? = 0
configure:4410: ./conftest
configure:4410: $? = 0
configure:4420: result: yes
configure:4444: checking for strdup
configure:4444: gcc -o conftest -g -O2   conftest.c -lcurl  >&5
conftest.c:54: warning: conflicting types for built-in function 'strdup'
configure:4444: $? = 0
configure:4444: result: yes
configure:4444: checking for getopt_long
configure:4444: gcc -o conftest -g -O2   conftest.c -lcurl  >&5
configure:4444: $? = 0
configure:4444: result: yes
configure:4575: creating ./config.status

## ---------------------- ##
## Running config.status. ##
## ---------------------- ##

This file was extended by English Kabbalah config.status 0.1.2, which was
generated by GNU Autoconf 2.67.  Invocation command line was

  CONFIG_FILES    = 
  CONFIG_HEADERS  = 
  CONFIG_LINKS    = 
  CONFIG_COMMANDS = 
  $ ./config.status 

on workstation

config.status:877: creating Makefile
config.status:877: creating config.h
config.status:1105: executing depfiles commands

## ---------------- ##
## Cache variables. ##
## ---------------- ##

ac_cv_build=i686-pc-linux-gnu
ac_cv_c_compiler_gnu=yes
ac_cv_env_CC_set=
ac_cv_env_CC_value=
ac_cv_env_CFLAGS_set=
ac_cv_env_CFLAGS_value=
ac_cv_env_CPPFLAGS_set=
ac_cv_env_CPPFLAGS_value=
ac_cv_env_CPP_set=
ac_cv_env_CPP_value=
ac_cv_env_LDFLAGS_set=
ac_cv_env_LDFLAGS_value=
ac_cv_env_LIBS_set=
ac_cv_env_LIBS_value=
ac_cv_env_build_alias_set=
ac_cv_env_build_alias_value=
ac_cv_env_host_alias_set=
ac_cv_env_host_alias_value=
ac_cv_env_target_alias_set=
ac_cv_env_target_alias_value=
ac_cv_func_getopt_long=yes
ac_cv_func_malloc_0_nonnull=yes
ac_cv_func_realloc_0_nonnull=yes
ac_cv_func_strdup=yes
ac_cv_header_curl_curl_h=yes
ac_cv_header_getopt_h=yes
ac_cv_header_inttypes_h=yes
ac_cv_header_memory_h=yes
ac_cv_header_stdc=yes
ac_cv_header_stdint_h=yes
ac_cv_header_stdlib_h=yes
ac_cv_header_string_h=yes
ac_cv_header_strings_h=yes
ac_cv_header_sys_stat_h=yes
ac_cv_header_sys_types_h=yes
ac_cv_header_unistd_h=yes
ac_cv_host=i686-pc-linux-gnu
ac_cv_lib_curl_curl_global_init=yes
ac_cv_objext=o
ac_cv_path_EGREP='/bin/grep -E'
ac_cv_path_GREP=/bin/grep
ac_cv_path_install='/usr/bin/install -c'
ac_cv_path_mkdir=/bin/mkdir
ac_cv_prog_AWK=mawk
ac_cv_prog_CPP='gcc -E'
ac_cv_prog_ac_ct_CC=gcc
ac_cv_prog_cc_c89=
ac_cv_prog_cc_g=yes
ac_cv_prog_make_make_set=yes
ac_cv_type_size_t=yes
am_cv_CC_dependencies_compiler_type=gcc3

## ----------------- ##
## Output variables. ##
## ----------------- ##

ACLOCAL='${SHELL} /home/manhydra/soft-devel/sysapps/kabbalah/missing --run aclocal-1.11'
AMDEPBACKSLASH='\'
AMDEP_FALSE='#'
AMDEP_TRUE=''
AMTAR='${SHELL} /home/manhydra/soft-devel/sysapps/kabbalah/missing --run tar'
AUTOCONF='${SHELL} /home/manhydra/soft-devel/sysapps/kabbalah/missing --run autoconf'
AUTOHEADER='${SHELL} /home/manhydra/soft-devel/sysapps/kabbalah/missing --run autoheader'
AUTOMAKE='${SHELL} /home/manhydra/soft-devel/sysapps/kabbalah/missing --run automake-1.11'
AWK='mawk'
CC='gcc'
CCDEPMODE='depmode=gcc3'
CFLAGS='-g -O2'
CPP='gcc -E'
CPPFLAGS=''
CYGPATH_W='echo'
DEFS='-DHAVE_CONFIG_H'
DEPDIR='.deps'
ECHO_C=''
ECHO_N='-n'
ECHO_T=''
EGREP='/bin/grep -E'
EXEEXT=''
GREP='/bin/grep'
INSTALL_DATA='${INSTALL} -m 644'
INSTALL_PROGRAM='${INSTALL}'
INSTALL_SCRIPT='${INSTALL}'
INSTALL_STRIP_PROGRAM='$(install_sh) -c -s'
LDFLAGS=''
LIBOBJS=''
LIBS='-lcurl '
LTLIBOBJS=''
MAKEINFO='${SHELL} /home/manhydra/soft-devel/sysapps/kabbalah/missing --run makeinfo'
MKDIR_P='/bin/mkdir -p'
OBJEXT='o'
PACKAGE='eng-qbl'
PACKAGE_BUGREPORT='marc.sylvestre@manhydra.com'
PACKAGE_NAME='English Kabbalah'
PACKAGE_STRING='English Kabbalah 0.1.2'
PACKAGE_TARNAME='eng-qbl'
PACKAGE_URL='http://www.manhydra.com/projects/english-kabbalah'
PACKAGE_VERSION='0.1.2'
PATH_SEPARATOR=':'
SET_MAKE=''
SHELL='/bin/bash'
STRIP=''
VERSION='0.1.2'
ac_ct_CC='gcc'
am__EXEEXT_FALSE=''
am__EXEEXT_TRUE='#'
am__fastdepCC_FALSE='#'
am__fastdepCC_TRUE=''
am__include='include'
am__isrc=''
am__leading_dot='.'
am__quote=''
am__tar='${AMTAR} chof - "$$tardir"'
am__untar='${AMTAR} xf -'
bindir='${exec_prefix}/bin'
build='i686-pc-linux-gnu'
build_alias=''
build_cpu='i686'
build_os='linux-gnu'
build_vendor='pc'
datadir='${datarootdir}'
datarootdir='${prefix}/share'
docdir='${datarootdir}/doc/${PACKAGE_TARNAME}'
dvidir='${docdir}'
exec_prefix='${prefix}'
host='i686-pc-linux-gnu'
host_alias=''
host_cpu='i686'
host_os='linux-gnu'
host_vendor='pc'
htmldir='${docdir}'
includedir='${prefix}/include'
infodir='${datarootdir}/info'
install_sh='${SHELL} /home/manhydra/soft-devel/sysapps/kabbalah/install-sh'
libdir='${exec_prefix}/lib'
libexecdir='${exec_prefix}/libexec'
localedir='${datarootdir}/locale'
localstatedir='${prefix}/var'
mandir='${datarootdir}/man'
mkdir_p='/bin/mkdir -p'
oldincludedir='/usr/include'
pdfdir='${docdir}'
prefix='/home/manhydra'
program_transform_name='s,x,x,'
psdir='${docdir}'
sbindir='${exec_prefix}/sbin'
sharedstatedir='${prefix}/com'
sysconfdir='${prefix}/etc'
target_alias=''

## ----------- ##
## confdefs.h. ##
## ----------- ##

/* confdefs.h */
#define PACKAGE_NAME "English Kabbalah"
#define PACKAGE_TARNAME "eng-qbl"
#define PACKAGE_VERSION "0.1.2"
#define PACKAGE_STRING "English Kabbalah 0.1.2"
#define PACKAGE_BUGREPORT "marc.sylvestre@manhydra.com"
#define PACKAGE_URL "http://www.manhydra.com/projects/english-kabbalah"
#define PACKAGE "eng-qbl"
#define VERSION "0.1.2"
#define STDC_HEADERS 1
#define HAVE_SYS_TYPES_H 1
#define HAVE_SYS_STAT_H 1
#define HAVE_STDLIB_H 1
#define HAVE_STRING_H 1
#define HAVE_MEMORY_H 1
#define HAVE_STRINGS_H 1
#define HAVE_INTTYPES_H 1
#define HAVE_STDINT_H 1
#define HAVE_UNISTD_H 1
#define HAVE_CURL_CURL_H 1
#define HAVE_LIBCURL 1
#define HAVE_STDLIB_H 1
#define HAVE_STRING_H 1
#define HAVE_UNISTD_H 1
#define HAVE_GETOPT_H 1
#define HAVE_STDLIB_H 1
#define HAVE_MALLOC 1
#define HAVE_STDLIB_H 1
#define HAVE_REALLOC 1
#define HAVE_STRDUP 1
#define HAVE_GETOPT_LONG 1

configure: exit 0
